<?xml version="1.0" encoding="utf-8"?><testsuites name="pytest tests"><testsuite name="pytest" errors="0" failures="0" skipped="0" tests="12" time="48.196" timestamp="2026-09-24T11:27:46.578031+00:00" hostname="runnervmtr4k5"><testcase classname="tests.stage07.browser_checks" name="test_public_responsive_keyboard[360]" time="3.238" /><testcase classname="tests.stage07.browser_checks" name="test_public_responsive_keyboard[768]" time="3.094" /><testcase classname="tests.stage07.browser_checks" name="test_public_responsive_keyboard[1440]" time="4.322" /><testcase classname="tests.stage07.browser_checks" name="test_client_editor_actual_api[360]" time="5.718" /><testcase classname="tests.stage07.browser_checks" name="test_client_editor_actual_api[768]" time="4.261" /><testcase classname="tests.stage07.browser_checks" name="test_client_editor_actual_api[1440]" time="5.058" /><testcase classname="tests.stage07.browser_checks" name="test_staff_admin_and_error_states" time="2.471" /><testcase classname="tests.stage07.browser_checks" name="test_zoom_200_and_form_labels" time="0.975" /><testcase classname="tests.stage07.browser_checks" name="test_manager_import_keeps_zero_and_source" time="3.038" /><testcase classname="tests.stage07.browser_checks" name="test_assigned_manager_queue_no_admin" time="1.891" /><testcase classname="tests.stage84.browser_checks" name="test_manual_files_staff_then_owner[360]" time="6.686" /><testcase classname="tests.stage84.browser_checks" name="test_manual_files_staff_then_owner[1440]" time="6.337" /></testsuite></testsuites>